\BOOKMARK [1][-]{section.1}{Abstract}{}% 1
\BOOKMARK [1][-]{section.2}{Introduction}{}% 2
\BOOKMARK [1][-]{section.3}{Relevant\040Theory}{}% 3
\BOOKMARK [2][-]{subsection.3.1}{Generative\040adversarial\040networks}{section.3}% 4
\BOOKMARK [3][-]{subsubsection.3.1.1}{Unconditional\040generative\040adversarial\040networks}{subsection.3.1}% 5
\BOOKMARK [3][-]{subsubsection.3.1.2}{Conditional\040generative\040adversarial\040networks}{subsection.3.1}% 6
\BOOKMARK [2][-]{subsection.3.2}{Training\040generative\040adversarial\040networks}{section.3}% 7
\BOOKMARK [3][-]{subsubsection.3.2.1}{Modify\040the\040loss\040function}{subsection.3.2}% 8
\BOOKMARK [3][-]{subsubsection.3.2.2}{Do\040not\040mix\040samples\040in\040a\040mini\040batch}{subsection.3.2}% 9
\BOOKMARK [3][-]{subsubsection.3.2.3}{Avoid\040sparse\040gradients}{subsection.3.2}% 10
\BOOKMARK [3][-]{subsubsection.3.2.4}{Perform\040label\040smoothing}{subsection.3.2}% 11
\BOOKMARK [2][-]{subsection.3.3}{Segmentor\040networks}{section.3}% 12
\BOOKMARK [2][-]{subsection.3.4}{Classification\040networks}{section.3}% 13
\BOOKMARK [2][-]{subsection.3.5}{Weight\040functions\040and\040dealing\040with\040severely\040imbalanced\040datasets}{section.3}% 14
\BOOKMARK [2][-]{subsection.3.6}{The\040datasets}{section.3}% 15
\BOOKMARK [2][-]{subsection.3.7}{The\040ISPRS\040Potsdam\040semantic\040dataset}{section.3}% 16
\BOOKMARK [1][-]{section.4}{Related\040work}{}% 17
\BOOKMARK [1][-]{section.5}{Network\040Architecture\040and\040initial\040results}{}% 18
\BOOKMARK [1][-]{section.6}{Results}{}% 19
\BOOKMARK [1][-]{section.7}{Discussion}{}% 20
\BOOKMARK [1][-]{section.8}{Conclusion}{}% 21
