This is XeTeX, Version 3.14159265-2.6-0.99992 (TeX Live 2015/Debian) (preloaded format=xelatex 2017.8.23)  2 MAY 2018 19:40
entering extended mode
 restricted \write18 enabled.
 %&-line parsing enabled.
**examplethesis.tex
(./examplethesis.tex
LaTeX2e <2016/02/01>
Babel <3.9q> and hyphenation patterns for 81 language(s) loaded.
(./kththesis.cls
Document Class: kththesis 2016/06/21 KTH Thesis formatting /Örjan Ekeberg
(/usr/share/texlive/texmf-dist/tex/latex/base/report.cls
Document Class: report 2014/09/29 v1.4h Standard LaTeX document class
(/usr/share/texlive/texmf-dist/tex/latex/base/size12.clo
File: size12.clo 2014/09/29 v1.4h Standard LaTeX file (size option)
)
\c@part=\count79
\c@chapter=\count80
\c@section=\count81
\c@subsection=\count82
\c@subsubsection=\count83
\c@paragraph=\count84
\c@subparagraph=\count85
\c@figure=\count86
\c@table=\count87
\abovecaptionskip=\skip41
\belowcaptionskip=\skip42
\bibindent=\dimen102
)
(/usr/share/texlive/texmf-dist/tex/generic/ifxetex/ifxetex.sty
Package: ifxetex 2010/09/12 v0.6 Provides ifxetex conditional
)
(/usr/share/texlive/texmf-dist/tex/generic/oberdiek/ifluatex.sty
Package: ifluatex 2010/03/01 v1.3 Provides the ifluatex switch (HO)
Package ifluatex Info: LuaTeX not detected.
)
(/usr/share/texlive/texmf-dist/tex/latex/polyglossia/polyglossia.sty
Package: polyglossia 2015/08/06 v1.42.0 Alternative to Babel for XeLaTeX and Lu
aLaTeX

(/usr/share/texlive/texmf-dist/tex/latex/etoolbox/etoolbox.sty
Package: etoolbox 2015/08/02 v2.2a e-TeX tools for LaTeX (JAW)
\etb@tempcnta=\count88
)
(/usr/share/texlive/texmf-dist/tex/latex/makecmds/makecmds.sty
Package: makecmds 2009/09/03 v1.0a extra command making commands
)
(/usr/share/texlive/texmf-dist/tex/latex/xkeyval/xkeyval.sty
Package: xkeyval 2014/12/03 v2.7a package option processing (HA)

(/usr/share/texlive/texmf-dist/tex/generic/xkeyval/xkeyval.tex
(/usr/share/texlive/texmf-dist/tex/generic/xkeyval/xkvutils.tex
\XKV@toks=\toks14
\XKV@tempa@toks=\toks15

(/usr/share/texlive/texmf-dist/tex/generic/xkeyval/keyval.tex))
\XKV@depth=\count89
File: xkeyval.tex 2014/12/03 v2.7a key=value parser (HA)
))
(/usr/share/texlive/texmf-dist/tex/latex/fontspec/fontspec.sty
(/usr/share/texlive/texmf-dist/tex/latex/l3kernel/expl3.sty
Package: expl3 2016/01/19 v6377 L3 programming layer (loader) 

(/usr/share/texlive/texmf-dist/tex/latex/l3kernel/expl3-code.tex
Package: expl3 2016/01/19 v6377 L3 programming layer (code)
L3 Module: l3bootstrap 2016/01/01 v6339 L3 Bootstrap code
L3 Module: l3names 2015/12/21 v6328 L3 Namespace for primitives
L3 Module: l3basics 2015/11/22 v6315 L3 Basic definitions
L3 Module: l3expan 2015/09/10 v5983 L3 Argument expansion
L3 Module: l3tl 2015/09/29 v6121 L3 Token lists
L3 Module: l3str 2016/01/03 v6357 L3 Strings
L3 Module: l3seq 2015/08/05 v5777 L3 Sequences and stacks
L3 Module: l3int 2016/01/05 v6366 L3 Integers
\c_max_int=\count90
\l_tmpa_int=\count91
\l_tmpb_int=\count92
\g_tmpa_int=\count93
\g_tmpb_int=\count94
L3 Module: l3quark 2015/08/17 v5855 L3 Quarks
L3 Module: l3prg 2015/11/01 v6216 L3 Control structures
\g__prg_map_int=\count95
L3 Module: l3clist 2015/09/02 v5901 L3 Comma separated lists
L3 Module: l3token 2015/11/11 v6249 L3 Experimental token manipulation
L3 Module: l3prop 2016/01/05 v6366 L3 Property lists
L3 Module: l3msg 2015/09/28 v6113 L3 Messages
L3 Module: l3file 2015/12/03 v6317 L3 File and I/O operations
\l_iow_line_count_int=\count96
\l__iow_target_count_int=\count97
\l__iow_current_line_int=\count98
\l__iow_current_word_int=\count99
\l__iow_current_indentation_int=\count100
L3 Module: l3skip 2016/01/05 v6366 L3 Dimensions and skips
\c_zero_dim=\dimen103
\c_max_dim=\dimen104
\l_tmpa_dim=\dimen105
\l_tmpb_dim=\dimen106
\g_tmpa_dim=\dimen107
\g_tmpb_dim=\dimen108
\c_zero_skip=\skip43
\c_max_skip=\skip44
\l_tmpa_skip=\skip45
\l_tmpb_skip=\skip46
\g_tmpa_skip=\skip47
\g_tmpb_skip=\skip48
\c_zero_muskip=\muskip10
\c_max_muskip=\muskip11
\l_tmpa_muskip=\muskip12
\l_tmpb_muskip=\muskip13
\g_tmpa_muskip=\muskip14
\g_tmpb_muskip=\muskip15
L3 Module: l3keys 2015/11/17 v6284 L3 Key-value interfaces
\g__keyval_level_int=\count101
\l_keys_choice_int=\count102
L3 Module: l3fp 2015/08/25 v5890 L3 Floating points
\c__fp_leading_shift_int=\count103
\c__fp_middle_shift_int=\count104
\c__fp_trailing_shift_int=\count105
\c__fp_big_leading_shift_int=\count106
\c__fp_big_middle_shift_int=\count107
\c__fp_big_trailing_shift_int=\count108
\c__fp_Bigg_leading_shift_int=\count109
\c__fp_Bigg_middle_shift_int=\count110
\c__fp_Bigg_trailing_shift_int=\count111
L3 Module: l3box 2015/08/09 v5822 L3 Experimental boxes
\c_empty_box=\box26
\l_tmpa_box=\box27
\l_tmpb_box=\box28
\g_tmpa_box=\box29
\g_tmpb_box=\box30
L3 Module: l3coffins 2015/08/06 v5789 L3 Coffin code layer
\l__coffin_internal_box=\box31
\l__coffin_internal_dim=\dimen109
\l__coffin_offset_x_dim=\dimen110
\l__coffin_offset_y_dim=\dimen111
\l__coffin_x_dim=\dimen112
\l__coffin_y_dim=\dimen113
\l__coffin_x_prime_dim=\dimen114
\l__coffin_y_prime_dim=\dimen115
\c_empty_coffin=\box32
\l__coffin_aligned_coffin=\box33
\l__coffin_aligned_internal_coffin=\box34
\l_tmpa_coffin=\box35
\l_tmpb_coffin=\box36
\l__coffin_display_coffin=\box37
\l__coffin_display_coord_coffin=\box38
\l__coffin_display_pole_coffin=\box39
\l__coffin_display_offset_dim=\dimen116
\l__coffin_display_x_dim=\dimen117
\l__coffin_display_y_dim=\dimen118
L3 Module: l3color 2014/08/23 v5354 L3 Experimental color support
L3 Module: l3sys 2015/09/25 v6087 L3 Experimental system/runtime functions
L3 Module: l3candidates 2016/01/14 v6376 L3 Experimental additions to l3kernel
\l__box_top_dim=\dimen119
\l__box_bottom_dim=\dimen120
\l__box_left_dim=\dimen121
\l__box_right_dim=\dimen122
\l__box_top_new_dim=\dimen123
\l__box_bottom_new_dim=\dimen124
\l__box_left_new_dim=\dimen125
\l__box_right_new_dim=\dimen126
\l__box_internal_box=\box40
\l__coffin_bounding_shift_dim=\dimen127
\l__coffin_left_corner_dim=\dimen128
\l__coffin_right_corner_dim=\dimen129
\l__coffin_bottom_corner_dim=\dimen130
\l__coffin_top_corner_dim=\dimen131
\l__coffin_scaled_total_height_dim=\dimen132
\l__coffin_scaled_width_dim=\dimen133
L3 Module: l3luatex 2015/11/11 v6250 L3 Experimental LuaTeX-specific functions
)
(/usr/share/texlive/texmf-dist/tex/latex/l3kernel/l3xdvipdfmx.def
File: l3xdvidpfmx.def 2015/11/11 v6250 L3 Experimental driver: xdvipdfmx
))
(/usr/share/texlive/texmf-dist/tex/latex/l3packages/xparse/xparse.sty
Package: xparse 2016/01/19 v6377 L3 Experimental document command parser
\l__xparse_current_arg_int=\count112
\l__xparse_m_args_int=\count113
\l__xparse_mandatory_args_int=\count114
\l__xparse_processor_int=\count115
\l__xparse_v_nesting_int=\count116
)
Package: fontspec 2016/02/01 v2.5a Font selection for XeLaTeX and LuaLaTeX

(/usr/share/texlive/texmf-dist/tex/latex/fontspec/fontspec-xetex.sty
Package: fontspec-xetex 2016/02/01 v2.5a Font selection for XeLaTeX and LuaLaTe
X
\l_fontspec_script_int=\count117
\l_fontspec_language_int=\count118
\l_fontspec_strnum_int=\count119
\l__fontspec_tmpa_dim=\dimen134
\l__fontspec_tmpb_dim=\dimen135
\l__fontspec_tmpc_dim=\dimen136
\g__file_internal_ior=\read1

(/usr/share/texlive/texmf-dist/tex/latex/base/fontenc.sty
Package: fontenc 2005/09/27 v1.99g Standard LaTeX package

(/usr/share/texlive/texmf-dist/tex/latex/euenc/eu1enc.def
File: eu1enc.def 2010/05/27 v0.1h Experimental Unicode font encodings
)
LaTeX Font Info:    Try loading font information for EU1+lmr on input line 105.


(/usr/share/texlive/texmf-dist/tex/latex/euenc/eu1lmr.fd
File: eu1lmr.fd 2009/10/30 v1.6 Font defs for Latin Modern
))
(/usr/share/texlive/texmf-dist/tex/xelatex/xunicode/xunicode.sty
File: xunicode.sty 2011/09/09 v0.981 provides access to latin accents and many 
other characters in Unicode lower plane

(/usr/share/texmf/tex/latex/tipa/t3enc.def
File: t3enc.def 2001/12/31 T3 encoding
LaTeX Font Info:    Try loading font information for EU1+lmss on input line 357
.

(/usr/share/texlive/texmf-dist/tex/latex/euenc/eu1lmss.fd
File: eu1lmss.fd 2009/10/30 v1.6 Font defs for Latin Modern
))
\tipaTiiicode=\count120
\tipasavetokens=\toks16
\tipachecktokens=\toks17

(/usr/share/texlive/texmf-dist/tex/latex/graphics/graphicx.sty
Package: graphicx 2014/10/28 v1.0g Enhanced LaTeX Graphics (DPC,SPQR)

(/usr/share/texlive/texmf-dist/tex/latex/graphics/graphics.sty
Package: graphics 2016/01/03 v1.0q Standard LaTeX Graphics (DPC,SPQR)

(/usr/share/texlive/texmf-dist/tex/latex/graphics/trig.sty
Package: trig 2016/01/03 v1.10 sin cos tan (DPC)
)
(/usr/share/texlive/texmf-dist/tex/latex/latexconfig/graphics.cfg
File: graphics.cfg 2010/04/23 v1.9 graphics configuration of TeX Live
)
Package graphics Info: Driver file: xetex.def on input line 95.

(/usr/share/texlive/texmf-dist/tex/xelatex/xetex-def/xetex.def
File: xetex.def 2015/09/11 v4.06 LaTeX color/graphics driver for XeTeX (TeX Liv
e/RRM/JK)

(/usr/share/texlive/texmf-dist/tex/generic/oberdiek/infwarerr.sty
Package: infwarerr 2010/04/08 v1.3 Providing info/warning/error messages (HO)
)
(/usr/share/texlive/texmf-dist/tex/generic/oberdiek/ltxcmds.sty
Package: ltxcmds 2011/11/09 v1.22 LaTeX kernel commands for general use (HO)
)))
\Gin@req@height=\dimen137
\Gin@req@width=\dimen138
))
.................................................
. LaTeX info: "xparse/define-command"
. 
. Defining command \__fontspec_post_arg:w with sig. 'mmO{}' on line 353.
.................................................
.................................................
. LaTeX info: "xparse/define-command"
. 
. Defining command \fontspec with sig. 'om' on line 355.
.................................................
.................................................
. LaTeX info: "xparse/define-command"
. 
. Defining command \setmainfont with sig. 'om' on line 365.
.................................................
.................................................
. LaTeX info: "xparse/define-command"
. 
. Defining command \setsansfont with sig. 'om' on line 375.
.................................................
.................................................
. LaTeX info: "xparse/define-command"
. 
. Defining command \setmonofont with sig. 'om' on line 385.
.................................................
.................................................
. LaTeX info: "xparse/define-command"
. 
. Defining command \setmathrm with sig. 'om' on line 399.
.................................................
.................................................
. LaTeX info: "xparse/define-command"
. 
. Defining command \setboldmathrm with sig. 'om' on line 407.
.................................................
.................................................
. LaTeX info: "xparse/define-command"
. 
. Defining command \setmathsf with sig. 'om' on line 415.
.................................................
.................................................
. LaTeX info: "xparse/define-command"
. 
. Defining command \setmathtt with sig. 'om' on line 423.
.................................................
.................................................
. LaTeX info: "xparse/define-command"
. 
. Defining command \newfontfamily with sig. 'mom' on line 437.
.................................................
.................................................
. LaTeX info: "xparse/define-command"
. 
. Defining command \newfontface with sig. 'mom' on line 453.
.................................................
.................................................
. LaTeX info: "xparse/define-command"
. 
. Defining command \defaultfontfeatures with sig. 't+om' on line 467.
.................................................
.................................................
. LaTeX info: "xparse/define-command"
. 
. Defining command \addfontfeatures with sig. 'm' on line 529.
.................................................
.................................................
. LaTeX info: "xparse/define-command"
. 
. Defining command \newfontfeature with sig. 'mm' on line 540.
.................................................
.................................................
. LaTeX info: "xparse/define-command"
. 
. Defining command \newAATfeature with sig. 'mmmm' on line 548.
.................................................
.................................................
. LaTeX info: "xparse/define-command"
. 
. Defining command \newopentypefeature with sig. 'mmm' on line 556.
.................................................
.................................................
. LaTeX info: "xparse/define-command"
. 
. Defining command \aliasfontfeature with sig. 'mm' on line 577.
.................................................
.................................................
. LaTeX info: "xparse/define-command"
. 
. Defining command \aliasfontfeatureoption with sig. 'mmm' on line 586.
.................................................
.................................................
. LaTeX info: "xparse/define-command"
. 
. Defining command \newfontscript with sig. 'mm' on line 590.
.................................................
.................................................
. LaTeX info: "xparse/define-command"
. 
. Defining command \newfontlanguage with sig. 'mm' on line 594.
.................................................
.................................................
. LaTeX info: "xparse/define-command"
. 
. Defining command \DeclareFontsExtensions with sig. 'm' on line 599.
.................................................
\l__fontspec_tmp_int=\count121

(/usr/share/texlive/texmf-dist/tex/latex/fontspec/fontspec.cfg)
LaTeX Info: Redefining \itshape on input line 2705.
LaTeX Info: Redefining \slshape on input line 2710.
LaTeX Info: Redefining \scshape on input line 2715.
LaTeX Info: Redefining \upshape on input line 2720.
\l__fontspec_em_int=\count122
\l__fontspec_emdef_int=\count123
LaTeX Info: Redefining \em on input line 2736.
LaTeX Info: Redefining \emph on input line 2742.
LaTeX Info: Redefining \- on input line 2746.
.................................................
. LaTeX info: "xparse/redefine-command"
. 
. Redefining command \oldstylenums with sig. 'm' on line 2841.
.................................................
.................................................
. LaTeX info: "xparse/define-command"
. 
. Defining command \liningnums with sig. 'm' on line 2845.
.................................................
))
\xpg@normalclass=\XeTeXcharclass1
)
(/usr/share/texlive/texmf-dist/tex/latex/polyglossia/gloss-english.ldf
File: gloss-english.ldf polyglossia: module for english
)
Package polyglossia Info: Default language is english.

(/usr/share/texlive/texmf-dist/tex/latex/polyglossia/gloss-swedish.ldf
File: gloss-swedish.ldf polyglossia: module for swedish
)
(/usr/share/texlive/texmf-dist/tex/latex/geometry/geometry.sty
Package: geometry 2010/09/12 v5.6 Page Geometry

(/usr/share/texlive/texmf-dist/tex/generic/oberdiek/ifpdf.sty
Package: ifpdf 2011/01/30 v2.3 Provides the ifpdf switch (HO)
Package ifpdf Info: pdfTeX in PDF mode is not detected.
)
(/usr/share/texlive/texmf-dist/tex/generic/oberdiek/ifvtex.sty
Package: ifvtex 2010/03/01 v1.5 Detect VTeX and its facilities (HO)
Package ifvtex Info: VTeX not detected.
)
\Gm@cnth=\count124
\Gm@cntv=\count125
\c@Gm@tempcnt=\count126
\Gm@bindingoffset=\dimen139
\Gm@wd@mp=\dimen140
\Gm@odd@mp=\dimen141
\Gm@even@mp=\dimen142
\Gm@layoutwidth=\dimen143
\Gm@layoutheight=\dimen144
\Gm@layouthoffset=\dimen145
\Gm@layoutvoffset=\dimen146
\Gm@dimlist=\toks18
)
(/usr/share/texlive/texmf-dist/tex/latex/fancyhdr/fancyhdr.sty
\fancy@headwidth=\skip49
\f@ncyO@elh=\skip50
\f@ncyO@erh=\skip51
\f@ncyO@olh=\skip52
\f@ncyO@orh=\skip53
\f@ncyO@elf=\skip54
\f@ncyO@erf=\skip55
\f@ncyO@olf=\skip56
\f@ncyO@orf=\skip57
)
(/usr/share/texlive/texmf-dist/tex/latex/emptypage/emptypage.sty
Package: emptypage 2010/05/30 v1.2 Suppress page numbers and headings on empty 
pages
)
(/usr/share/texlive/texmf-dist/tex/latex/titlesec/titlesec.sty
Package: titlesec 2016/03/15 v2.10.1 Sectioning titles
\ttl@box=\box41
\beforetitleunit=\skip58
\aftertitleunit=\skip59
\ttl@plus=\dimen147
\ttl@minus=\dimen148
\ttl@toksa=\toks19
\titlewidth=\dimen149
\titlewidthlast=\dimen150
\titlewidthfirst=\dimen151
)
\g__fontspec_family_TeXGyrePagella_int=\count127
.................................................
. fontspec info: "defining-font"
. 
. Font family 'TeXGyrePagella(0)' created for font 'TeX Gyre Pagella' with
. options [Ligatures={TeX},Ligatures=TeX].
. 
. This font family consists of the following NFSS series/shapes:
. - 'normal' (m/n) with NFSS spec.: <->"TeX Gyre
. Pagella/OT:script=latn;language=DFLT;mapping=tex-text;mapping=tex-text;"
. - 'small caps'  (m/sc) with NFSS spec.: <->"TeX Gyre
. Pagella/OT:script=latn;language=DFLT;mapping=tex-text;mapping=tex-text;+smcp;
"-
. 'bold' (bx/n) with NFSS spec.: <->"TeX Gyre
. Pagella/B/OT:script=latn;language=DFLT;mapping=tex-text;mapping=tex-text;"
. - 'bold small caps'  (bx/sc) with NFSS spec.: <->"TeX Gyre
. Pagella/B/OT:script=latn;language=DFLT;mapping=tex-text;mapping=tex-text;+smc
p;"-
. 'italic' (m/it) with NFSS spec.: <->"TeX Gyre
. Pagella/I/OT:script=latn;language=DFLT;mapping=tex-text;mapping=tex-text;"
. - 'italic small caps'  (m/itsc) with NFSS spec.: <->"TeX Gyre
. Pagella/I/OT:script=latn;language=DFLT;mapping=tex-text;mapping=tex-text;+smc
p;"-
. 'bold italic' (bx/it) with NFSS spec.: <->"TeX Gyre
. Pagella/BI/OT:script=latn;language=DFLT;mapping=tex-text;mapping=tex-text;"
. - 'bold italic small caps'  (bx/itsc) with NFSS spec.: <->"TeX Gyre
. Pagella/BI/OT:script=latn;language=DFLT;mapping=tex-text;mapping=tex-text;+sm
cp;"
.................................................
)
(/usr/share/texlive/texmf-dist/tex/latex/blindtext/blindtext.sty
Package: blindtext 2012/01/06 V2.0 blindtext-Package

(/usr/share/texlive/texmf-dist/tex/latex/tools/xspace.sty
Package: xspace 2014/10/28 v1.13 Space after command names (DPC,MH)
)
\c@blindtext=\count128
\c@Blindtext=\count129
\c@blind@countparstart=\count130
\blind@countxx=\count131
\blindtext@numBlindtext=\count132
\blind@countyy=\count133
\c@blindlist=\count134
\c@blindlistlevel=\count135
\c@blindlist@level=\count136
\blind@listitem=\count137
\c@blind@listcount=\count138
\c@blind@levelcount=\count139
\blind@mathformula=\count140
\blind@Mathformula=\count141
\c@blind@randomcount=\count142
\c@blind@randommax=\count143
\c@blind@pangramcount=\count144
\c@blind@pangrammax=\count145
)
(/usr/share/texlive/texmf-dist/tex/latex/csquotes/csquotes.sty
Package: csquotes 2016/01/31 v5.1g context-sensitive quotations (JAW)
\csq@reset=\count146
\csq@gtype=\count147
\csq@glevel=\count148
\csq@qlevel=\count149
\csq@maxlvl=\count150
\csq@tshold=\count151
\csq@ltx@everypar=\toks20

(/usr/share/texlive/texmf-dist/tex/latex/csquotes/csquotes.def
File: csquotes.def 2016/01/31 v5.1g csquotes generic definitions (JAW)
)
Package csquotes Info: Trying to load configuration file 'csquotes.cfg'...
Package csquotes Info: ... configuration file loaded successfully.

(/usr/share/texlive/texmf-dist/tex/latex/csquotes/csquotes.cfg
File: csquotes.cfg 
))
(/usr/share/texlive/texmf-dist/tex/latex/biblatex/biblatex.sty
Package: biblatex 2016/03/03 v3.3 programmable bibliographies (PK/JW/AB)


Package biblatex Warning: No "backend" specified, using Biber backend.
(biblatex)                To use BibTeX, load biblatex with 
(biblatex)                the "backend=bibtex" option.

(/usr/share/texlive/texmf-dist/tex/latex/biblatex/biblatex_.sty
Package: biblatex_ 2016/03/03 v3.3 programmable bibliographies (biber) (PK/JW/A
B)

(/usr/share/texlive/texmf-dist/tex/latex/oberdiek/kvoptions.sty
Package: kvoptions 2011/06/30 v3.11 Key value format for package options (HO)

(/usr/share/texlive/texmf-dist/tex/generic/oberdiek/kvsetkeys.sty
Package: kvsetkeys 2012/04/25 v1.16 Key value parser (HO)

(/usr/share/texlive/texmf-dist/tex/generic/oberdiek/etexcmds.sty
Package: etexcmds 2011/02/16 v1.5 Avoid name clashes with e-TeX commands (HO)
Package etexcmds Info: Could not find \expanded.
(etexcmds)             That can mean that you are not using pdfTeX 1.50 or
(etexcmds)             that some package has redefined \expanded.
(etexcmds)             In the latter case, load this package earlier.
)))
(/usr/share/texlive/texmf-dist/tex/latex/logreq/logreq.sty
Package: logreq 2010/08/04 v1.0 xml request logger
\lrq@indent=\count152

(/usr/share/texlive/texmf-dist/tex/latex/logreq/logreq.def
File: logreq.def 2010/08/04 v1.0 logreq spec v1.0
))
(/usr/share/texlive/texmf-dist/tex/latex/base/ifthen.sty
Package: ifthen 2014/09/29 v1.1c Standard LaTeX ifthen package (DPC)
)
(/usr/share/texlive/texmf-dist/tex/latex/url/url.sty
\Urlmuskip=\muskip16
Package: url 2013/09/16  ver 3.4  Verb mode for urls, etc.
)
\c@tabx@nest=\count153
\c@listtotal=\count154
\c@listcount=\count155
\c@liststart=\count156
\c@liststop=\count157
\c@citecount=\count158
\c@citetotal=\count159
\c@multicitecount=\count160
\c@multicitetotal=\count161
\c@instcount=\count162
\c@maxnames=\count163
\c@minnames=\count164
\c@maxitems=\count165
\c@minitems=\count166
\c@citecounter=\count167
\c@savedcitecounter=\count168
\c@uniquelist=\count169
\c@uniquename=\count170
\c@refsection=\count171
\c@refsegment=\count172
\c@maxextratitle=\count173
\c@maxextratitleyear=\count174
\c@maxextrayear=\count175
\c@maxextraalpha=\count176
\c@abbrvpenalty=\count177
\c@highnamepenalty=\count178
\c@lownamepenalty=\count179
\c@maxparens=\count180
\c@parenlevel=\count181
\blx@tempcnta=\count182
\blx@tempcntb=\count183
\blx@tempcntc=\count184
\blx@maxsection=\count185
\blx@maxsegment@0=\count186
\blx@notetype=\count187
\blx@parenlevel@text=\count188
\blx@parenlevel@foot=\count189
\blx@sectionciteorder@0=\count190
\labelnumberwidth=\skip60
\labelalphawidth=\skip61
\biblabelsep=\skip62
\bibitemsep=\skip63
\bibnamesep=\skip64
\bibinitsep=\skip65
\bibparsep=\skip66
\bibhang=\skip67
\blx@bcfin=\read2
\blx@bcfout=\write3
\c@mincomprange=\count191
\c@maxcomprange=\count192
\c@mincompwidth=\count193
Package biblatex Info: Trying to load biblatex default data model...
Package biblatex Info: ... file 'blx-dm.def' found.

(/usr/share/texlive/texmf-dist/tex/latex/biblatex/blx-dm.def)
Package biblatex Info: Trying to load biblatex custom data model...
Package biblatex Info: ... file 'biblatex-dm.cfg' not found.
\c@afterword=\count194
\c@savedafterword=\count195
\c@annotator=\count196
\c@savedannotator=\count197
\c@author=\count198
\c@savedauthor=\count199
\c@bookauthor=\count266
\c@savedbookauthor=\count267
\c@commentator=\count268
\c@savedcommentator=\count269
\c@editor=\count270
\c@savededitor=\count271
\c@editora=\count272
\c@savededitora=\count273
\c@editorb=\count274
\c@savededitorb=\count275
\c@editorc=\count276
\c@savededitorc=\count277
\c@foreword=\count278
\c@savedforeword=\count279
\c@holder=\count280
\c@savedholder=\count281
\c@introduction=\count282
\c@savedintroduction=\count283
\c@namea=\count284
\c@savednamea=\count285
\c@nameb=\count286
\c@savednameb=\count287
\c@namec=\count288
\c@savednamec=\count289
\c@translator=\count290
\c@savedtranslator=\count291
\c@shortauthor=\count292
\c@savedshortauthor=\count293
\c@shorteditor=\count294
\c@savedshorteditor=\count295
\c@labelname=\count296
\c@savedlabelname=\count297
\c@institution=\count298
\c@savedinstitution=\count299
\c@lista=\count300
\c@savedlista=\count301
\c@listb=\count302
\c@savedlistb=\count303
\c@listc=\count304
\c@savedlistc=\count305
\c@listd=\count306
\c@savedlistd=\count307
\c@liste=\count308
\c@savedliste=\count309
\c@listf=\count310
\c@savedlistf=\count311
\c@location=\count312
\c@savedlocation=\count313
\c@organization=\count314
\c@savedorganization=\count315
\c@origlocation=\count316
\c@savedoriglocation=\count317
\c@origpublisher=\count318
\c@savedorigpublisher=\count319
\c@publisher=\count320
\c@savedpublisher=\count321
\c@language=\count322
\c@savedlanguage=\count323
\c@pageref=\count324
\c@savedpageref=\count325
\shorthandwidth=\skip68
\shortjournalwidth=\skip69
\shortserieswidth=\skip70
\shorttitlewidth=\skip71
\shortauthorwidth=\skip72
\shorteditorwidth=\skip73
Package biblatex Info: Trying to load compatibility code...
Package biblatex Info: ... file 'blx-compat.def' found.

(/usr/share/texlive/texmf-dist/tex/latex/biblatex/blx-compat.def
File: blx-compat.def 2016/03/03 v3.3 biblatex compatibility (PK/JW/AB)
)
Package biblatex Info: Trying to load generic definitions...
Package biblatex Info: ... file 'biblatex_.def' found.

(/usr/share/texlive/texmf-dist/tex/latex/biblatex/biblatex_.def
File: biblatex_.def 
\c@textcitecount=\count326
\c@textcitetotal=\count327
\c@textcitemaxnames=\count328
\c@biburlnumpenalty=\count329
\c@biburlucpenalty=\count330
\c@biburllcpenalty=\count331
\c@smartand=\count332
)
Package biblatex Info: Trying to load bibliography style 'numeric'...
Package biblatex Info: ... file 'numeric.bbx' found.

(/usr/share/texlive/texmf-dist/tex/latex/biblatex/bbx/numeric.bbx
File: numeric.bbx 2016/03/03 v3.3 biblatex bibliography style (PK/JW/AB)
Package biblatex Info: Trying to load bibliography style 'standard'...
Package biblatex Info: ... file 'standard.bbx' found.

(/usr/share/texlive/texmf-dist/tex/latex/biblatex/bbx/standard.bbx
File: standard.bbx 2016/03/03 v3.3 biblatex bibliography style (PK/JW/AB)
\c@bbx:relatedcount=\count333
\c@bbx:relatedtotal=\count334
))
Package biblatex Info: Trying to load citation style 'numeric'...
Package biblatex Info: ... file 'numeric.cbx' found.

(/usr/share/texlive/texmf-dist/tex/latex/biblatex/cbx/numeric.cbx
File: numeric.cbx 2016/03/03 v3.3 biblatex citation style (PK/JW/AB)
Package biblatex Info: Redefining '\cite'.
Package biblatex Info: Redefining '\parencite'.
Package biblatex Info: Redefining '\footcite'.
Package biblatex Info: Redefining '\footcitetext'.
Package biblatex Info: Redefining '\smartcite'.
Package biblatex Info: Redefining '\supercite'.
Package biblatex Info: Redefining '\textcite'.
Package biblatex Info: Redefining '\textcites'.
Package biblatex Info: Redefining '\cites'.
Package biblatex Info: Redefining '\parencites'.
Package biblatex Info: Redefining '\smartcites'.
)
Package biblatex Info: Trying to load configuration file...
Package biblatex Info: ... file 'biblatex.cfg' found.

(/usr/share/texlive/texmf-dist/tex/latex/biblatex/biblatex.cfg
File: biblatex.cfg 
)))
(/usr/share/texlive/texmf-dist/tex/latex/mathtools/mathtools.sty
Package: mathtools 2015/11/12 v1.18 mathematical typesetting tools

(/usr/share/texlive/texmf-dist/tex/latex/tools/calc.sty
Package: calc 2014/10/28 v4.3 Infix arithmetic (KKT,FJ)
\calc@Acount=\count335
\calc@Bcount=\count336
\calc@Adimen=\dimen152
\calc@Bdimen=\dimen153
\calc@Askip=\skip74
\calc@Bskip=\skip75
LaTeX Info: Redefining \setlength on input line 80.
LaTeX Info: Redefining \addtolength on input line 81.
\calc@Ccount=\count337
\calc@Cskip=\skip76
)
(/usr/share/texlive/texmf-dist/tex/latex/mathtools/mhsetup.sty
Package: mhsetup 2010/01/21 v1.2a programming setup (MH)
)
(/usr/share/texlive/texmf-dist/tex/latex/amsmath/amsmath.sty
Package: amsmath 2016/03/03 v2.15a AMS math features
\@mathmargin=\skip77

For additional information on amsmath, use the `?' option.
(/usr/share/texlive/texmf-dist/tex/latex/amsmath/amstext.sty
Package: amstext 2000/06/29 v2.01 AMS text

(/usr/share/texlive/texmf-dist/tex/latex/amsmath/amsgen.sty
File: amsgen.sty 1999/11/30 v2.0 generic functions
\@emptytoks=\toks21
\ex@=\dimen154
))
(/usr/share/texlive/texmf-dist/tex/latex/amsmath/amsbsy.sty
Package: amsbsy 1999/11/29 v1.2d Bold Symbols
\pmbraise@=\dimen155
)
(/usr/share/texlive/texmf-dist/tex/latex/amsmath/amsopn.sty
Package: amsopn 1999/12/14 v2.01 operator names
)
\inf@bad=\count338
LaTeX Info: Redefining \frac on input line 199.
\uproot@=\count339
\leftroot@=\count340
LaTeX Info: Redefining \overline on input line 297.
\classnum@=\count341
\DOTSCASE@=\count342
LaTeX Info: Redefining \ldots on input line 394.
LaTeX Info: Redefining \dots on input line 397.
LaTeX Info: Redefining \cdots on input line 518.
\Mathstrutbox@=\box42
\strutbox@=\box43
\big@size=\dimen156
LaTeX Font Info:    Redeclaring font encoding OML on input line 630.
LaTeX Font Info:    Redeclaring font encoding OMS on input line 631.
\macc@depth=\count343
\c@MaxMatrixCols=\count344
\dotsspace@=\muskip17
\c@parentequation=\count345
\dspbrk@lvl=\count346
\tag@help=\toks22
\row@=\count347
\column@=\count348
\maxfields@=\count349
\andhelp@=\toks23
\eqnshift@=\dimen157
\alignsep@=\dimen158
\tagshift@=\dimen159
\tagwidth@=\dimen160
\totwidth@=\dimen161
\lineht@=\dimen162
\@envbody=\toks24
\multlinegap=\skip78
\multlinetaggap=\skip79
\mathdisplay@stack=\toks25
LaTeX Info: Redefining \[ on input line 2735.
LaTeX Info: Redefining \] on input line 2736.
)
LaTeX Info: Thecontrolsequence`\('isalreadyrobust on input line 129.
LaTeX Info: Thecontrolsequence`\)'isalreadyrobust on input line 129.
LaTeX Info: Thecontrolsequence`\['isalreadyrobust on input line 129.
LaTeX Info: Thecontrolsequence`\]'isalreadyrobust on input line 129.
\g_MT_multlinerow_int=\count350
\l_MT_multwidth_dim=\dimen163
\origjot=\skip80
\l_MT_shortvdotswithinadjustabove_dim=\dimen164
\l_MT_shortvdotswithinadjustbelow_dim=\dimen165
\l_MT_above_intertext_sep=\dimen166
\l_MT_below_intertext_sep=\dimen167
\l_MT_above_shortintertext_sep=\dimen168
\l_MT_below_shortintertext_sep=\dimen169
)
(/usr/share/texlive/texmf-dist/tex/latex/caption/caption.sty
Package: caption 2016/02/21 v3.3-144 Customizing captions (AR)

(/usr/share/texlive/texmf-dist/tex/latex/caption/caption3.sty
Package: caption3 2016/02/04 v1.7-139 caption3 kernel (AR)
Package caption3 Info: TeX engine: e-TeX on input line 67.
\captionmargin=\dimen170
\captionmargin@=\dimen171
\captionwidth=\dimen172
\caption@tempdima=\dimen173
\caption@indent=\dimen174
\caption@parindent=\dimen175
\caption@hangindent=\dimen176
)
\c@ContinuedFloat=\count351
)
(/usr/share/texlive/texmf-dist/tex/latex/caption/subcaption.sty
Package: subcaption 2016/02/20 v1.1-142 Sub-captions (AR)
\c@subfigure=\count352
\c@subtable=\count353
)
(/usr/share/texlive/texmf-dist/tex/latex/tools/enumerate.sty
Package: enumerate 2015/07/23 v3.00 enumerate extensions (DPC)
\@enLab=\toks26
)
(/usr/share/texlive/texmf-dist/tex/latex/was/gensymb.sty
Package: gensymb 2003/07/02 v1.0 (WaS)
)
(/usr/share/texlive/texmf-dist/tex/latex/multirow/multirow.sty
\bigstrutjot=\dimen177
)
(/usr/share/texlive/texmf-dist/tex/latex/float/float.sty
Package: float 2001/11/08 v1.3d Float enhancements (AL)
\c@float@type=\count354
\float@exts=\toks27
\float@box=\box44
\@float@everytoks=\toks28
\@floatcapt=\box45
)
(/usr/share/texlive/texmf-dist/tex/latex/amsfonts/amssymb.sty
Package: amssymb 2013/01/14 v3.01 AMS font symbols

(/usr/share/texlive/texmf-dist/tex/latex/amsfonts/amsfonts.sty
Package: amsfonts 2013/01/14 v3.01 Basic AMSFonts support
\symAMSa=\mathgroup4
\symAMSb=\mathgroup5
LaTeX Font Info:    Overwriting math alphabet `\mathfrak' in version `bold'
(Font)                  U/euf/m/n --> U/euf/b/n on input line 106.
))
(/usr/share/texlive/texmf-dist/tex/latex/listings/listings.sty
\lst@mode=\count355
\lst@gtempboxa=\box46
\lst@token=\toks29
\lst@length=\count356
\lst@currlwidth=\dimen178
\lst@column=\count357
\lst@pos=\count358
\lst@lostspace=\dimen179
\lst@width=\dimen180
\lst@newlines=\count359
\lst@lineno=\count360
\lst@maxwidth=\dimen181

(/usr/share/texlive/texmf-dist/tex/latex/listings/lstmisc.sty
File: lstmisc.sty 2015/06/04 1.6 (Carsten Heinz)
\c@lstnumber=\count361
\lst@skipnumbers=\count362
\lst@framebox=\box47
)
(/usr/share/texlive/texmf-dist/tex/latex/listings/listings.cfg
File: listings.cfg 2015/06/04 1.6 listings configuration
))
Package: listings 2015/06/04 1.6 (Carsten Heinz)

(/usr/share/texlive/texmf-dist/tex/latex/makecell/makecell.sty
Package: makecell 2009/08/03 V0.1e Managing of Tab Column Heads and Cells

(/usr/share/texlive/texmf-dist/tex/latex/tools/array.sty
Package: array 2014/10/28 v2.4c Tabular extension package (FMi)
\col@sep=\dimen182
\extrarowheight=\dimen183
\NC@list=\toks30
\extratabsurround=\skip81
\backup@length=\skip82
)
\rotheadsize=\dimen184
\c@nlinenum=\count363
\TeXr@lab=\toks31
)
Package csquotes Info: Checking for multilingual support...
Package csquotes Info: ... found 'polyglossia' package.


Package csquotes Warning: Using preliminary 'polyglossia' interface.
(csquotes)                Some of the multilingual features may not
(csquotes)                work as expected.

Package csquotes Info: Adjusting default style.
Package csquotes Info: Redefining alias 'default' -> 'english'.

Package biblatex Warning: Upgrade package 'polyglossia' to >v1.42.0 recommended
.

Package biblatex Info: Trying to load language 'english'...
Package biblatex Info: ... file 'english.lbx' found.
(/usr/share/texlive/texmf-dist/tex/latex/biblatex/lbx/english.lbx
File: english.lbx 2016/03/03 v3.3 biblatex localization (PK/JW/AB)
)
(./examplethesis.aux
Package biblatex Info: Trying to load language 'swedish'...
Package biblatex Info: ... file 'swedish.lbx' found.

(/usr/share/texlive/texmf-dist/tex/latex/biblatex/lbx/swedish.lbx
File: swedish.lbx 2016/03/03 v3.3 biblatex localization (PK/JW/AB)
)

LaTeX Warning: Label `fig:vgg' multiply defined.


LaTeX Warning: Label `fig:vgg' multiply defined.

)
\openout1 = `examplethesis.aux'.

LaTeX Font Info:    Checking defaults for OML/cmm/m/it on input line 38.
LaTeX Font Info:    ... okay on input line 38.
LaTeX Font Info:    Checking defaults for T1/cmr/m/n on input line 38.
LaTeX Font Info:    ... okay on input line 38.
LaTeX Font Info:    Checking defaults for OT1/cmr/m/n on input line 38.
LaTeX Font Info:    ... okay on input line 38.
LaTeX Font Info:    Checking defaults for OMS/cmsy/m/n on input line 38.
LaTeX Font Info:    ... okay on input line 38.
LaTeX Font Info:    Checking defaults for OMX/cmex/m/n on input line 38.
LaTeX Font Info:    ... okay on input line 38.
LaTeX Font Info:    Checking defaults for U/cmr/m/n on input line 38.
LaTeX Font Info:    ... okay on input line 38.
LaTeX Font Info:    Checking defaults for EU1/lmr/m/n on input line 38.
LaTeX Font Info:    ... okay on input line 38.
LaTeX Font Info:    Checking defaults for T3/cmr/m/n on input line 38.
LaTeX Font Info:    Try loading font information for T3+cmr on input line 38.
 (/usr/share/texmf/tex/latex/tipa/t3cmr.fd
File: t3cmr.fd 2001/12/31 TIPA font definitions
)
LaTeX Font Info:    ... okay on input line 38.
.................................................
. fontspec info: "setup-math"
. 
. Adjusting the maths setup (use [no-math] to avoid this).
.................................................
\symlegacymaths=\mathgroup6
LaTeX Font Info:    Overwriting symbol font `legacymaths' in version `bold'
(Font)                  OT1/cmr/m/n --> OT1/cmr/bx/n on input line 38.
LaTeX Font Info:    Redeclaring math accent \acute on input line 38.
LaTeX Font Info:    Redeclaring math accent \grave on input line 38.
LaTeX Font Info:    Redeclaring math accent \ddot on input line 38.
LaTeX Font Info:    Redeclaring math accent \tilde on input line 38.
LaTeX Font Info:    Redeclaring math accent \bar on input line 38.
LaTeX Font Info:    Redeclaring math accent \breve on input line 38.
LaTeX Font Info:    Redeclaring math accent \check on input line 38.
LaTeX Font Info:    Redeclaring math accent \hat on input line 38.
LaTeX Font Info:    Redeclaring math accent \dot on input line 38.
LaTeX Font Info:    Redeclaring math accent \mathring on input line 38.
LaTeX Font Info:    Redeclaring math symbol \Gamma on input line 38.
LaTeX Font Info:    Redeclaring math symbol \Delta on input line 38.
LaTeX Font Info:    Redeclaring math symbol \Theta on input line 38.
LaTeX Font Info:    Redeclaring math symbol \Lambda on input line 38.
LaTeX Font Info:    Redeclaring math symbol \Xi on input line 38.
LaTeX Font Info:    Redeclaring math symbol \Pi on input line 38.
LaTeX Font Info:    Redeclaring math symbol \Sigma on input line 38.
LaTeX Font Info:    Redeclaring math symbol \Upsilon on input line 38.
LaTeX Font Info:    Redeclaring math symbol \Phi on input line 38.
LaTeX Font Info:    Redeclaring math symbol \Psi on input line 38.
LaTeX Font Info:    Redeclaring math symbol \Omega on input line 38.
LaTeX Font Info:    Redeclaring math symbol \mathdollar on input line 38.
LaTeX Font Info:    Redeclaring symbol font `operators' on input line 38.
LaTeX Font Info:    Encoding `OT1' has changed to `EU1' for symbol font
(Font)              `operators' in the math version `normal' on input line 38.
LaTeX Font Info:    Overwriting symbol font `operators' in version `normal'
(Font)                  OT1/cmr/m/n --> EU1/TeXGyrePagella(0)/m/n on input line
 38.
LaTeX Font Info:    Encoding `OT1' has changed to `EU1' for symbol font
(Font)              `operators' in the math version `bold' on input line 38.
LaTeX Font Info:    Overwriting symbol font `operators' in version `bold'
(Font)                  OT1/cmr/bx/n --> EU1/TeXGyrePagella(0)/m/n on input lin
e 38.
LaTeX Font Info:    Overwriting symbol font `operators' in version `normal'
(Font)                  EU1/TeXGyrePagella(0)/m/n --> EU1/TeXGyrePagella(0)/m/n
 on input line 38.
LaTeX Font Info:    Overwriting math alphabet `\mathit' in version `normal'
(Font)                  OT1/cmr/m/it --> EU1/TeXGyrePagella(0)/m/it on input li
ne 38.
LaTeX Font Info:    Overwriting math alphabet `\mathbf' in version `normal'
(Font)                  OT1/cmr/bx/n --> EU1/TeXGyrePagella(0)/bx/n on input li
ne 38.
LaTeX Font Info:    Overwriting math alphabet `\mathsf' in version `normal'
(Font)                  OT1/cmss/m/n --> EU1/lmss/m/n on input line 38.
LaTeX Font Info:    Overwriting math alphabet `\mathtt' in version `normal'
(Font)                  OT1/cmtt/m/n --> EU1/lmtt/m/n on input line 38.
LaTeX Font Info:    Overwriting symbol font `operators' in version `bold'
(Font)                  EU1/TeXGyrePagella(0)/m/n --> EU1/TeXGyrePagella(0)/bx/
n on input line 38.
LaTeX Font Info:    Overwriting math alphabet `\mathit' in version `bold'
(Font)                  OT1/cmr/bx/it --> EU1/TeXGyrePagella(0)/bx/it on input 
line 38.
LaTeX Font Info:    Overwriting math alphabet `\mathsf' in version `bold'
(Font)                  OT1/cmss/bx/n --> EU1/lmss/bx/n on input line 38.
LaTeX Font Info:    Overwriting math alphabet `\mathtt' in version `bold'
(Font)                  OT1/cmtt/m/n --> EU1/lmtt/bx/n on input line 38.

*geometry* driver: auto-detecting
*geometry* detected driver: xetex
*geometry* verbose mode - [ preamble ] result:
* driver: xetex
* paper: a4paper
* layout: <same size as paper>
* layoutoffset:(h,v)=(0.0pt,0.0pt)
* modes: twoside 
* h-part:(L,W,R)=(128.0374pt, 369.88583pt, 99.58464pt)
* v-part:(T,H,B)=(105.27519pt, 597.50787pt, 142.26378pt)
* \paperwidth=597.50787pt
* \paperheight=845.04684pt
* \textwidth=369.88583pt
* \textheight=597.50787pt
* \oddsidemargin=55.76741pt
* \evensidemargin=27.31465pt
* \topmargin=-23.90028pt
* \headheight=14.22636pt
* \headsep=42.67912pt
* \topskip=12.0pt
* \footskip=71.13188pt
* \marginparwidth=44.0pt
* \marginparsep=10.0pt
* \columnsep=10.0pt
* \skip\footins=10.8pt plus 4.0pt minus 2.0pt
* \hoffset=0.0pt
* \voffset=0.0pt
* \mag=1000
* \@twocolumnfalse
* \@twosidetrue
* \@mparswitchtrue
* \@reversemarginfalse
* (1in=72.27pt=25.4mm, 1cm=28.453pt)

Package biblatex Info: XeTeX detected.
(biblatex)             Assuming input encoding 'utf8'.
Package biblatex Info: Automatic encoding selection.
(biblatex)             Assuming data encoding 'utf8'.
\openout3 = `examplethesis.bcf'.

Package biblatex Info: Trying to load bibliographic data...
Package biblatex Info: ... file 'examplethesis.bbl' found.
(./examplethesis.bbl)
Package biblatex Info: Reference section=0 on input line 38.
Package biblatex Info: Reference segment=0 on input line 38.
Package caption Info: Begin \AtBeginDocument code.
Package caption Info: float package is loaded.
Package caption Info: listings package is loaded.
Package caption Info: End \AtBeginDocument code.
LaTeX Info: Redefining \celsius on input line 38.
Package gensymb Info: Faking symbols for \degree and \celsius on input line 38.



Package gensymb Warning: Not defining \perthousand.

LaTeX Info: Redefining \ohm on input line 38.
Package gensymb Info: Using \Omega for \ohm on input line 38.

Package gensymb Warning: Not defining \micro.

\c@lstlisting=\count364
*geometry* verbose mode - [ newgeometry ] result:
* driver: xetex
* paper: a4paper
* layout: <same size as paper>
* layoutoffset:(h,v)=(0.0pt,0.0pt)
* modes: 
* h-part:(L,W,R)=(142.26378pt, 355.65945pt, 99.58464pt)
* v-part:(T,H,B)=(184.9429pt, 574.74568pt, 85.35826pt)
* \paperwidth=597.50787pt
* \paperheight=845.04684pt
* \textwidth=355.65945pt
* \textheight=574.74568pt
* \oddsidemargin=69.99379pt
* \evensidemargin=69.99379pt
* \topmargin=55.76743pt
* \headheight=14.22636pt
* \headsep=42.67912pt
* \topskip=12.0pt
* \footskip=71.13188pt
* \marginparwidth=44.0pt
* \marginparsep=10.0pt
* \columnsep=10.0pt
* \skip\footins=10.8pt plus 4.0pt minus 2.0pt
* \hoffset=0.0pt
* \voffset=0.0pt
* \mag=1000
* \@twocolumnfalse
* \@twosidefalse
* \@mparswitchfalse
* \@reversemarginfalse
* (1in=72.27pt=25.4mm, 1cm=28.453pt)

[1


] [2


] [3] [4

] (./examplethesis.toc
LaTeX Font Info:    Try loading font information for U+msa on input line 15.

(/usr/share/texlive/texmf-dist/tex/latex/amsfonts/umsa.fd
File: umsa.fd 2013/01/14 v3.01 AMS symbols A
)
LaTeX Font Info:    Try loading font information for U+msb on input line 15.

(/usr/share/texlive/texmf-dist/tex/latex/amsfonts/umsb.fd
File: umsb.fd 2013/01/14 v3.01 AMS symbols B
) [5


])
\tf@toc=\write4
\openout4 = `examplethesis.toc'.

 [6]
Chapter 1.

Underfull \hbox (badness 10000) in paragraph at lines 65--78

 []


Underfull \hbox (badness 10000) in paragraph at lines 65--78

 []


Underfull \hbox (badness 10000) in paragraph at lines 65--78

 []


Underfull \hbox (badness 10000) in paragraph at lines 65--78

 []


Underfull \hbox (badness 10000) in paragraph at lines 65--78

 []


Underfull \hbox (badness 10000) in paragraph at lines 65--78

 []

[1


] [2] [3] [4]
Chapter 2.

Underfull \hbox (badness 10000) in paragraph at lines 82--85

 []

[5

]
Underfull \hbox (badness 10000) in paragraph at lines 115--124

 []

[6]
File: u-net.png Graphic file (type QTm)
 <use  "u-net.png" >
Underfull \hbox (badness 10000) in paragraph at lines 125--133

 []


Overfull \hbox (1.63817pt too wide) in paragraph at lines 125--133
\EU1/TeXGyrePagella(0)/m/n/12 network has been shown to produce high accuracy r
esults even on small
 []

[7] [8]
Overfull \hbox (8.2612pt too wide) in paragraph at lines 136--137
\EU1/TeXGyrePagella(0)/m/n/12 For the discriminative part of the GAN a classifi
cation network is needed.
 []

File: vgg.png Graphic file (type QTm)
<use  "vgg.png" > [9]
File: resnet.png Graphic file (type QTm)
 <use  "resnet.png" >
Overfull \hbox (1.19066pt too wide) in paragraph at lines 157--157
|[]\EU1/lmss/bx/n/17.28 Weight functions and dealing with severely
 []

[10]
Underfull \hbox (badness 10000) in paragraph at lines 173--177

 []

[11]
Underfull \hbox (badness 10000) in paragraph at lines 187--194

 []


Overfull \hbox (4.60117pt too wide) in paragraph at lines 187--194
\EU1/TeXGyrePagella(0)/m/n/12 The generators task was to produce segmentation m
aps for the C classes.
 []


Underfull \hbox (badness 10000) in paragraph at lines 187--194

 []


Underfull \hbox (badness 10000) in paragraph at lines 187--194

 []

[12] [13]
Chapter 3.
File: net.png Graphic file (type QTm)
<use  "net.png" >
Underfull \hbox (badness 2103) in paragraph at lines 203--203
[]\EU1/TeXGyrePagella(0)/m/n/12 Figure 3.1: |Shows the proposed vehicle detecti
on and counting
 []


Underfull \hbox (badness 10000) in paragraph at lines 197--204

 []

[14

]
File: borders.jpg Graphic file (type QTm)
 <use  "borders.jpg" >
File: weight_labels.jpg Graphic file (type QTm)
 <use  "weight_labels.jpg" >
File: weight_map_3.png Graphic file (type QTm)

<use  "weight_map_3.png" > [15]
File: gan_no_n.png Graphic file (type QTm)
 <use  "gan_no_n.png" > [16]
Underfull \hbox (badness 10000) in paragraph at lines 234--237

 []

[17]
Underfull \hbox (badness 10000) in paragraph at lines 244--251

 []


Overfull \hbox (1.29417pt too wide) in paragraph at lines 244--251
\EU1/TeXGyrePagella(0)/m/n/12 quickly learned to spot the difference between th
e discrete ground truth
 []


Underfull \hbox (badness 10000) in paragraph at lines 244--251

 []

[18] (/usr/share/texlive/texmf-dist/tex/latex/listings/lstlang1.sty
File: lstlang1.sty 2015/06/04 1.6 listings language file
)
(./training.py)
Underfull \hbox (badness 10000) in paragraph at lines 259--260

 []

[19]
Chapter 4.
[20

]
File: potsdam.png Graphic file (type QTm)
 <use  "potsdam.png" >
File: trees.jpg Graphic file (type QTm)
 <use  "trees.jpg" >
File: trees_label.jpg Graphic file (type QTm)
 <use  "trees_label.jpg" >
[21]
Underfull \hbox (badness 10000) in paragraph at lines 317--322

 []


Overfull \hbox (6.79819pt too wide) in paragraph at lines 317--322
\EU1/TeXGyrePagella(0)/m/n/12 transformed into a semantic dataset by assigning 
the pixels of the bound-
 []


Underfull \hbox (badness 10000) in paragraph at lines 317--322

 []

[22]
File: class_vs_w/label_1.jpg Graphic file (type QTm)
 <use  "class_vs_w/label_1.jpg" >
File: class_vs_w/un_weight_1.jpg Graphic file (type QTm)
 <use  "class_vs_w/un_weight_1.jpg" >
File: class_vs_w/weight_1.jpg Graphic file (type QTm)

<use  "class_vs_w/weight_1.jpg" >
File: class_vs_w/label_2.jpg Graphic file (type QTm)
 <use  "class_vs_w/label_2.jpg" >
File: class_vs_w/un_weight_2.jpg Graphic file (type QTm)

<use  "class_vs_w/un_weight_2.jpg" >
File: class_vs_w/weight_2.jpg Graphic file (type QTm)
 <use  "class_vs_w/weight_2.jpg" > [23]
File: weighted_vs_unweighted.png Graphic file (type QTm)

<use  "weighted_vs_unweighted.png" >
Overfull \hbox (12.92216pt too wide) in paragraph at lines 360--369
 [] 
 []

[24]
File: mean_max_2.png Graphic file (type QTm)
 <use  "mean_max_2.png" >
File: gan_vs_class/label_1.jpg Graphic file (type QTm)
 <use  "gan_vs_class/label_1.jpg" >
File: gan_vs_class/class_1.jpg Graphic file (type QTm)

<use  "gan_vs_class/class_1.jpg" >
File: gan_vs_class/gan_1.jpg Graphic file (type QTm)
 <use  "gan_vs_class/gan_1.jpg" >
File: gan_vs_class/label_2.jpg Graphic file (type QTm)

<use  "gan_vs_class/label_2.jpg" >
File: gan_vs_class/class_2.jpg Graphic file (type QTm)
 <use  "gan_vs_class/class_2.jpg" >
File: gan_vs_class/gan_2.jpg Graphic file (type QTm)

<use  "gan_vs_class/gan_2.jpg" >
Underfull \hbox (badness 10000) in paragraph at lines 379--404

 []

[25]
File: classical_vs_adversarial.png Graphic file (type QTm)
 <use  "classical_vs_adversarial.png" > [26] [27] [28] [29]
Chapter 5.

Underfull \hbox (badness 10000) in paragraph at lines 445--448

 []

[30

] [31]
LaTeX Font Info:    Try loading font information for EU1+lmtt on input line 448
.
 (/usr/share/texlive/texmf-dist/tex/latex/euenc/eu1lmtt.fd
File: eu1lmtt.fd 2009/10/30 v1.6 Font defs for Latin Modern
)
Overfull \hbox (5.21103pt too wide) in paragraph at lines 448--448
\EU1/TeXGyrePagella(0)/m/n/12 mentation via Adversarial Neural Networks”. In: \
EU1/TeXGyrePagella(0)/m/it/12 arXiv:1709.05860
 []


Overfull \hbox (5.63281pt too wide) in paragraph at lines 448--448
\EU1/TeXGyrePagella(0)/m/sc/12 url\EU1/TeXGyrePagella(0)/m/n/12 : $[][][][] [] 
[] [] [][][][][] [] [][][] [] [][][] [] [][][][] [] [][][][][]$ (visited on 02/
20/2018). 
 []


Overfull \hbox (28.32802pt too wide) in paragraph at lines 448--448
[]\EU1/TeXGyrePagella(0)/m/n/12 Nicolas Audebert, Bertrand Le Saux, and Sébasti
en Lefèvre. “  Segment-
 []


Overfull \hbox (1.98091pt too wide) in paragraph at lines 448--448
\EU1/TeXGyrePagella(0)/m/n/12 In: \EU1/TeXGyrePagella(0)/m/it/12 arXiv:1609.068
45 [cs] \EU1/TeXGyrePagella(0)/m/n/12 (Sept. 2016). arXiv: 1609.06845. \EU1/TeX
GyrePagella(0)/m/sc/12 url\EU1/TeXGyrePagella(0)/m/n/12 : $[][][][] []
 []


Overfull \hbox (11.13206pt too wide) in paragraph at lines 448--448
\EU1/TeXGyrePagella(0)/m/n/12 mote Sensing for Vegetation Monitoring From an Un
manned Aerial
 []

[32

]
Overfull \hbox (7.0718pt too wide) in paragraph at lines 448--448
[][][][][] [] [] [] [][][][][][] [] [][][] [] [][][][][][][] [] [][][][][][][][
]$ \EU1/TeXGyrePagella(0)/m/n/12 (visited on 04/04/2018). 
 []


Overfull \hbox (3.91496pt too wide) in paragraph at lines 448--448
[]\EU1/TeXGyrePagella(0)/m/n/12 Ross Girshick. “  Fast R-CNN”. In: \EU1/TeXGyre
Pagella(0)/m/it/12 arXiv:1504.08083 [cs] \EU1/TeXGyrePagella(0)/m/n/12 (Apr. 20
15).
 []


Overfull \hbox (5.6448pt too wide) in paragraph at lines 448--448
\EU1/TeXGyrePagella(0)/m/sc/12 url\EU1/TeXGyrePagella(0)/m/n/12 : $[][][][] [] 
[] [] [][][][][] [] [][][] [] [][][] [] [][][][] [] [][][][][]$ (visited on 03/
08/2018). 
 []


Overfull \hbox (1.94301pt too wide) in paragraph at lines 448--448
[]\EU1/TeXGyrePagella(0)/m/n/12 Ian Goodfellow. “  NIPS 2016 Tutorial: Generati
ve Adversarial Net-
 []


Overfull \hbox (11.11003pt too wide) in paragraph at lines 448--448
[]\EU1/TeXGyrePagella(0)/m/n/12 Kaiming He et al. “  Identity Mappings in Deep 
Residual Networks”.
 []


Overfull \hbox (0.69176pt too wide) in paragraph at lines 448--448
\EU1/TeXGyrePagella(0)/m/n/12 pp. 871–880. \EU1/TeXGyrePagella(0)/m/sc/12 issn\
EU1/TeXGyrePagella(0)/m/n/12 : 0099-1112. \EU1/TeXGyrePagella(0)/m/sc/12 url\EU
1/TeXGyrePagella(0)/m/n/12 : $[][][][][] [] [] [] [][][][] [] [][][][] [] [][][
][][][][][] []
 []


Overfull \hbox (47.5156pt too wide) in paragraph at lines 448--448
[][][] [] [][] [] [][][][][][][][][][][][] [] [][][][][][] [][] [][][][][] [][]
 [][][][][][][][][] [][] [][][] [][] [][][][][][][][][][][][][][] [][]
 []

[33]
Overfull \hbox (7.5718pt too wide) in paragraph at lines 448--448
[][][][][][] [] [][][] [] [][][][][][][][][] [] [][][] [][] [][][][][][][][][][
]$ \EU1/TeXGyrePagella(0)/m/n/12 (visited on 04/27/2018). 
 []


Overfull \hbox (2.15205pt too wide) in paragraph at lines 448--448
\EU1/TeXGyrePagella(0)/m/n/12 geNet Classification with Deep Convolutional Neur
al Networks”.
 []


Overfull \hbox (15.61563pt too wide) in paragraph at lines 448--448
[][][][] [] [] [] [][][][][][] [] [][][][] [] [][] [] [][][][][] [] [][][][] []
[] [][][][][][][][] [][] [][][][][][][][][][][][][][] [][]
 []


Overfull \hbox (19.91406pt too wide) in paragraph at lines 448--448
[]\EU1/TeXGyrePagella(0)/m/n/12 Christian Ledig et al. “  Photo-Realistic Singl
e Image Super-Resolution
 []


Overfull \hbox (1.11804pt too wide) in paragraph at lines 448--448
[]\EU1/TeXGyrePagella(0)/m/n/12 Pauline Luc et al. “  Semantic Segmentation usi
ng Adversarial Net-
 []


Overfull \hbox (4.36293pt too wide) in paragraph at lines 448--448
\EU1/TeXGyrePagella(0)/m/n/12 versarial Nets”. In: \EU1/TeXGyrePagella(0)/m/it/
12 arXiv:1411.1784 [cs, stat] \EU1/TeXGyrePagella(0)/m/n/12 (Nov. 2014). \EU1/T
eXGyrePagella(0)/m/sc/12 url\EU1/TeXGyrePagella(0)/m/n/12 : $[][][][] []
 []


Overfull \hbox (5.40604pt too wide) in paragraph at lines 448--448
\EU1/TeXGyrePagella(0)/m/it/12 ternational Geoscience and Remote Sensing Sympos
ium (IGARSS)\EU1/TeXGyrePagella(0)/m/n/12 . July
 []


Overfull \hbox (4.83pt too wide) in paragraph at lines 448--448
[]\EU1/TeXGyrePagella(0)/m/n/12 T. Moranduzzo and F. Melgani. “  Automatic Car 
Counting Method
 []

[34]
Overfull \hbox (5.62082pt too wide) in paragraph at lines 448--448
\EU1/TeXGyrePagella(0)/m/sc/12 url\EU1/TeXGyrePagella(0)/m/n/12 : $[][][][] [] 
[] [] [][][][][] [] [][][] [] [][][] [] [][][][] [] [][][][][]$ (visited on 03/
09/2018). 
 []

[35]
Overfull \hbox (5.6448pt too wide) in paragraph at lines 448--448
\EU1/TeXGyrePagella(0)/m/sc/12 url\EU1/TeXGyrePagella(0)/m/n/12 : $[][][][] [] 
[] [] [][][][][] [] [][][] [] [][][] [] [][][][] [] [][][][][]$ (visited on 02/
20/2018). 
 []


Overfull \hbox (45.02301pt too wide) in paragraph at lines 448--448
\EU1/TeXGyrePagella(0)/m/n/12 ization and Detection using Convolutional Network
s”. In: \EU1/TeXGyrePagella(0)/m/it/12 arXiv:1312.6229
 []


Overfull \hbox (26.58302pt too wide) in paragraph at lines 448--448
\EU1/TeXGyrePagella(0)/m/n/12 volutional Networks for Semantic Segmentation”. I
n: \EU1/TeXGyrePagella(0)/m/it/12 arXiv:1605.06211
 []


Overfull \hbox (29.43405pt too wide) in paragraph at lines 448--448
[]\EU1/TeXGyrePagella(0)/m/n/12 Wenzhe Shi et al. “  Real-Time Single Image and
 Video Super-Resolution
 []


Overfull \hbox (8.51892pt too wide) in paragraph at lines 448--448
\EU1/TeXGyrePagella(0)/m/it/12 arXiv:1609.05158 [cs, stat] \EU1/TeXGyrePagella(
0)/m/n/12 (Sept. 2016). arXiv: 1609.05158. \EU1/TeXGyrePagella(0)/m/sc/12 url\E
U1/TeXGyrePagella(0)/m/n/12 : $[][][][] []
 []


Overfull \hbox (36.19902pt too wide) in paragraph at lines 448--448
\EU1/TeXGyrePagella(0)/m/n/12 lutional Networks for Action Recognition in Video
s”. In: \EU1/TeXGyrePagella(0)/m/it/12 arXiv:1406.2199
 []


Overfull \hbox (35.05103pt too wide) in paragraph at lines 448--448
\EU1/TeXGyrePagella(0)/m/n/12 tional Networks for Large-Scale Image Recognition
”. In: \EU1/TeXGyrePagella(0)/m/it/12 arXiv:1409.1556
 []


Overfull \hbox (5.60883pt too wide) in paragraph at lines 448--448
\EU1/TeXGyrePagella(0)/m/sc/12 url\EU1/TeXGyrePagella(0)/m/n/12 : $[][][][] [] 
[] [] [][][][][] [] [][][] [] [][][] [] [][][][] [] [][][][][]$ (visited on 03/
09/2018). 
 []

[36]
Overfull \hbox (58.00302pt too wide) in paragraph at lines 448--448
\EU1/TeXGyrePagella(0)/m/n/12 ing loss function for highly unbalanced segmentat
ions”. In: \EU1/TeXGyrePagella(0)/m/it/12 arXiv:1707.03237
 []


Overfull \hbox (7.89502pt too wide) in paragraph at lines 448--448
\EU1/TeXGyrePagella(0)/m/n/12 Impact of Residual Connections on Learning”. In: 
\EU1/TeXGyrePagella(0)/m/it/12 arXiv:1602.07261
 []


Overfull \hbox (0.48804pt too wide) in paragraph at lines 448--448
[]\EU1/TeXGyrePagella(0)/m/n/12 K. Uto et al. “  Characterization of Rice Paddi
es by a UAV-Mounted
 []


Overfull \hbox (5.49503pt too wide) in paragraph at lines 448--448
\EU1/TeXGyrePagella(0)/m/n/12 $L_1$ Loss for Medical Image Segmentation”. In: \
EU1/TeXGyrePagella(0)/m/it/12 arXiv:1706.01805
 []


Overfull \hbox (3.20702pt too wide) in paragraph at lines 448--448
\EU1/TeXGyrePagella(0)/m/n/12 versarial Image-to-Image Network”. In: \EU1/TeXGy
rePagella(0)/m/it/12 arXiv:1707.08037 [cs] \EU1/TeXGyrePagella(0)/m/n/12 (July
 []


Overfull \hbox (0.22691pt too wide) in paragraph at lines 448--448
\EU1/TeXGyrePagella(0)/m/n/12 work”. In: \EU1/TeXGyrePagella(0)/m/it/12 arXiv:1
608.01471 [cs] \EU1/TeXGyrePagella(0)/m/n/12 (2016), pp. 516–520. \EU1/TeXGyreP
agella(0)/m/sc/12 doi\EU1/TeXGyrePagella(0)/m/n/12 : $[][] [] [][][][] []
 []

[37]
Overfull \hbox (2.78801pt too wide) in paragraph at lines 448--448
[]\EU1/TeXGyrePagella(0)/m/n/12 Matthew D. Zeiler and Rob Fergus. “  Visualizin
g and Understand-
 []


Overfull \hbox (2.029pt too wide) in paragraph at lines 448--448
\EU1/TeXGyrePagella(0)/m/n/12 ing Convolutional Networks”. In: \EU1/TeXGyrePage
lla(0)/m/it/12 arXiv:1311.2901 [cs] \EU1/TeXGyrePagella(0)/m/n/12 (Nov. 2013).
 []


Overfull \hbox (2.78801pt too wide) in paragraph at lines 448--448
[]\EU1/TeXGyrePagella(0)/m/n/12 Matthew D. Zeiler and Rob Fergus. “  Visualizin
g and Understand-
 []


Overfull \hbox (1.11865pt too wide) in paragraph at lines 448--448
[][] [] [][][][] [] [][][] [][] [] [][] [][][] [][] [][][][][] [][] [] [] [][]$
\EU1/TeXGyrePagella(0)/m/n/12 . \EU1/TeXGyrePagella(0)/m/sc/12 url\EU1/TeXGyreP
agella(0)/m/n/12 : $[][][][][] [] [] [] [][][][] [] [][][][][][][][] []
 []


Overfull \hbox (2.73402pt too wide) in paragraph at lines 448--448
[]\EU1/TeXGyrePagella(0)/m/n/12 Shuai Zheng et al. “  Conditional Random Fields
 as Recurrent Neu-
 []

[38] [39] (./examplethesis.aux)

LaTeX Warning: There were multiply-defined labels.

Package logreq Info: Writing requests to 'examplethesis.run.xml'.
\openout1 = `examplethesis.run.xml'.

 ) 
Here is how much of TeX's memory you used:
 25895 strings out of 493638
 479418 string characters out of 6146796
 877723 words of memory out of 5000000
 28970 multiletter control sequences out of 15000+600000
 8517 words of font info for 61 fonts, out of 8000000 for 9000
 1328 hyphenation exceptions out of 8191
 61i,14n,92p,10412b,2428s stack positions out of 5000i,500n,10000p,200000b,80000s

Output written on examplethesis.pdf (45 pages).
